# JRE version: OpenJDK Runtime Environment Temurin-21.0.6+7 (21.0.6+7) (build 21.0.6+7-LTS)
# Java VM: OpenJDK 64-Bit Server VM Temurin-21.0.6+7 (21.0.6+7-LTS, mixed mode, sharing, tiered, compressed oops, compressed class ptrs, parallel gc, windows-amd64)
GC Precious Log:
 CardTable entry size: 512
 CPUs: 12 total, 12 available
 Memory: 7562M
 Large Page Support: Disabled
 NUMA Support: Disabled
 Compressed Oops: Enabled (32-bit)
 Alignments: Space 512K, Generation 512K, Heap 2M
 Heap Min Capacity: 100M
 Heap Initial Capacity: 100M
 Heap Max Capacity: 1G
 Pre-touch: Disabled
 Parallel Workers: 10
Heap:
 PSYoungGen      total 7168K, used 5778K [0x00000000eab00000, 0x00000000eb700000, 0x0000000100000000)
  eden space 6656K, 79% used [0x00000000eab00000,0x00000000eb026180,0x00000000eb180000)
  from space 512K, 98% used [0x00000000eb680000,0x00000000eb6fe900,0x00000000eb700000)
  to   space 1024K, 0% used [0x00000000eb500000,0x00000000eb500000,0x00000000eb600000)
 ParOldGen       total 253952K, used 241063K [0x00000000c0000000, 0x00000000cf800000, 0x00000000eab00000)
  object space 253952K, 94% used [0x00000000c0000000,0x00000000ceb69ec0,0x00000000cf800000)
 Metaspace       used 84750K, committed 86400K, reserved 1179648K
  class space    used 8662K, committed 9408K, reserved 1048576K
GC Heap History (20 events):
Event: 162.141 GC heap before
{Heap before GC invocations=2258 (full 5):
 PSYoungGen      total 7168K, used 7072K [0x00000000eab00000, 0x00000000eb700000, 0x0000000100000000)
  eden space 6656K, 100% used [0x00000000eab00000,0x00000000eb180000,0x00000000eb180000)
  from space 512K, 81% used [0x00000000eb680000,0x00000000eb6e8000,0x00000000eb700000)
  to   space 512K, 0% used [0x00000000eb600000,0x00000000eb600000,0x00000000eb680000)
 ParOldGen       total 253952K, used 240126K [0x00000000c0000000, 0x00000000cf800000, 0x00000000eab00000)
  object space 253952K, 94% used [0x00000000c0000000,0x00000000cea7faa0,0x00000000cf800000)
 Metaspace       used 84746K, committed 86400K, reserved 1179648K
  class space    used 8662K, committed 9408K, reserved 1048576K
}
Event: 162.142 GC heap after
{Heap after GC invocations=2258 (full 5):
 PSYoungGen      total 7168K, used 416K [0x00000000eab00000, 0x00000000eb700000, 0x0000000100000000)
  eden space 6656K, 0% used [0x00000000eab00000,0x00000000eab00000,0x00000000eb180000)
  from space 512K, 81% used [0x00000000eb600000,0x00000000eb668000,0x00000000eb680000)
  to   space 512K, 0% used [0x00000000eb680000,0x00000000eb680000,0x00000000eb700000)
 ParOldGen       total 253952K, used 240126K [0x00000000c0000000, 0x00000000cf800000, 0x00000000eab00000)
  object space 253952K, 94% used [0x00000000c0000000,0x00000000cea7faa0,0x00000000cf800000)
 Metaspace       used 84746K, committed 86400K, reserved 1179648K
  class space    used 8662K, committed 9408K, reserved 1048576K
}
Event: 162.147 GC heap before
{Heap before GC invocations=2259 (full 5):
 PSYoungGen      total 7168K, used 7072K [0x00000000eab00000, 0x00000000eb700000, 0x0000000100000000)
  eden space 6656K, 100% used [0x00000000eab00000,0x00000000eb180000,0x00000000eb180000)
  from space 512K, 81% used [0x00000000eb600000,0x00000000eb668000,0x00000000eb680000)
  to   space 512K, 0% used [0x00000000eb680000,0x00000000eb680000,0x00000000eb700000)
 ParOldGen       total 253952K, used 240126K [0x00000000c0000000, 0x00000000cf800000, 0x00000000eab00000)
  object space 253952K, 94% used [0x00000000c0000000,0x00000000cea7faa0,0x00000000cf800000)
 Metaspace       used 84746K, committed 86400K, reserved 1179648K
  class space    used 8662K, committed 9408K, reserved 1048576K
}
Event: 162.148 GC heap after
{Heap after GC invocations=2259 (full 5):
 PSYoungGen      total 7168K, used 288K [0x00000000eab00000, 0x00000000eb700000, 0x0000000100000000)
  eden space 6656K, 0% used [0x00000000eab00000,0x00000000eab00000,0x00000000eb180000)
  from space 512K, 56% used [0x00000000eb680000,0x00000000eb6c8000,0x00000000eb700000)
  to   space 512K, 0% used [0x00000000eb600000,0x00000000eb600000,0x00000000eb680000)
 ParOldGen       total 253952K, used 240126K [0x00000000c0000000, 0x00000000cf800000, 0x00000000eab00000)
  object space 253952K, 94% used [0x00000000c0000000,0x00000000cea7faa0,0x00000000cf800000)
 Metaspace       used 84746K, committed 86400K, reserved 1179648K
  class space    used 8662K, committed 9408K, reserved 1048576K
}
Event: 162.156 GC heap before
{Heap before GC invocations=2260 (full 5):
 PSYoungGen      total 7168K, used 6944K [0x00000000eab00000, 0x00000000eb700000, 0x0000000100000000)
  eden space 6656K, 100% used [0x00000000eab00000,0x00000000eb180000,0x00000000eb180000)
  from space 512K, 56% used [0x00000000eb680000,0x00000000eb6c8000,0x00000000eb700000)
  to   space 512K, 0% used [0x00000000eb600000,0x00000000eb600000,0x00000000eb680000)
 ParOldGen       total 253952K, used 240126K [0x00000000c0000000, 0x00000000cf800000, 0x00000000eab00000)
  object space 253952K, 94% used [0x00000000c0000000,0x00000000cea7faa0,0x00000000cf800000)
 Metaspace       used 84746K, committed 86400K, reserved 1179648K
  class space    used 8662K, committed 9408K, reserved 1048576K
}
Event: 162.157 GC heap after
{Heap after GC invocations=2260 (full 5):
 PSYoungGen      total 7168K, used 352K [0x00000000eab00000, 0x00000000eb700000, 0x0000000100000000)
  eden space 6656K, 0% used [0x00000000eab00000,0x00000000eab00000,0x00000000eb180000)
  from space 512K, 68% used [0x00000000eb600000,0x00000000eb658000,0x00000000eb680000)
  to   space 512K, 0% used [0x00000000eb680000,0x00000000eb680000,0x00000000eb700000)
 ParOldGen       total 253952K, used 240126K [0x00000000c0000000, 0x00000000cf800000, 0x00000000eab00000)
  object space 253952K, 94% used [0x00000000c0000000,0x00000000cea7faa0,0x00000000cf800000)
 Metaspace       used 84746K, committed 86400K, reserved 1179648K
  class space    used 8662K, committed 9408K, reserved 1048576K
}
Event: 162.162 GC heap before
{Heap before GC invocations=2261 (full 5):
 PSYoungGen      total 7168K, used 7008K [0x00000000eab00000, 0x00000000eb700000, 0x0000000100000000)
  eden space 6656K, 100% used [0x00000000eab00000,0x00000000eb180000,0x00000000eb180000)
  from space 512K, 68% used [0x00000000eb600000,0x00000000eb658000,0x00000000eb680000)
  to   space 512K, 0% used [0x00000000eb680000,0x00000000eb680000,0x00000000eb700000)
 ParOldGen       total 253952K, used 240126K [0x00000000c0000000, 0x00000000cf800000, 0x00000000eab00000)
  object space 253952K, 94% used [0x00000000c0000000,0x00000000cea7faa0,0x00000000cf800000)
 Metaspace       used 84746K, committed 86400K, reserved 1179648K
  class space    used 8662K, committed 9408K, reserved 1048576K
}
Event: 162.162 GC heap after
{Heap after GC invocations=2261 (full 5):
 PSYoungGen      total 7168K, used 512K [0x00000000eab00000, 0x00000000eb700000, 0x0000000100000000)
  eden space 6656K, 0% used [0x00000000eab00000,0x00000000eab00000,0x00000000eb180000)
  from space 512K, 100% used [0x00000000eb680000,0x00000000eb700000,0x00000000eb700000)
  to   space 1024K, 0% used [0x00000000eb500000,0x00000000eb500000,0x00000000eb600000)
 ParOldGen       total 253952K, used 240142K [0x00000000c0000000, 0x00000000cf800000, 0x00000000eab00000)
  object space 253952K, 94% used [0x00000000c0000000,0x00000000cea83aa0,0x00000000cf800000)
 Metaspace       used 84746K, committed 86400K, reserved 1179648K
  class space    used 8662K, committed 9408K, reserved 1048576K
}
Event: 162.168 GC heap before
{Heap before GC invocations=2262 (full 5):
 PSYoungGen      total 7168K, used 7168K [0x00000000eab00000, 0x00000000eb700000, 0x0000000100000000)
  eden space 6656K, 100% used [0x00000000eab00000,0x00000000eb180000,0x00000000eb180000)
  from space 512K, 100% used [0x00000000eb680000,0x00000000eb700000,0x00000000eb700000)
  to   space 1024K, 0% used [0x00000000eb500000,0x00000000eb500000,0x00000000eb600000)
 ParOldGen       total 253952K, used 240142K [0x00000000c0000000, 0x00000000cf800000, 0x00000000eab00000)
  object space 253952K, 94% used [0x00000000c0000000,0x00000000cea83aa0,0x00000000cf800000)
 Metaspace       used 84746K, committed 86400K, reserved 1179648K
  class space    used 8662K, committed 9408K, reserved 1048576K
}
Event: 162.168 GC heap after
{Heap after GC invocations=2262 (full 5):
 PSYoungGen      total 7680K, used 410K [0x00000000eab00000, 0x00000000eb700000, 0x0000000100000000)
  eden space 6656K, 0% used [0x00000000eab00000,0x00000000eab00000,0x00000000eb180000)
  from space 1024K, 40% used [0x00000000eb500000,0x00000000eb566900,0x00000000eb600000)
  to   space 512K, 0% used [0x00000000eb680000,0x00000000eb680000,0x00000000eb700000)
 ParOldGen       total 253952K, used 240547K [0x00000000c0000000, 0x00000000cf800000, 0x00000000eab00000)
  object space 253952K, 94% used [0x00000000c0000000,0x00000000ceae8cb0,0x00000000cf800000)
 Metaspace       used 84746K, committed 86400K, reserved 1179648K
  class space    used 8662K, committed 9408K, reserved 1048576K
}
Event: 162.173 GC heap before
{Heap before GC invocations=2263 (full 5):
 PSYoungGen      total 7680K, used 7066K [0x00000000eab00000, 0x00000000eb700000, 0x0000000100000000)
  eden space 6656K, 100% used [0x00000000eab00000,0x00000000eb180000,0x00000000eb180000)
  from space 1024K, 40% used [0x00000000eb500000,0x00000000eb566900,0x00000000eb600000)
  to   space 512K, 0% used [0x00000000eb680000,0x00000000eb680000,0x00000000eb700000)
 ParOldGen       total 253952K, used 240547K [0x00000000c0000000, 0x00000000cf800000, 0x00000000eab00000)
  object space 253952K, 94% used [0x00000000c0000000,0x00000000ceae8cb0,0x00000000cf800000)
 Metaspace       used 84748K, committed 86400K, reserved 1179648K
  class space    used 8662K, committed 9408K, reserved 1048576K
}
Event: 162.174 GC heap after
{Heap after GC invocations=2263 (full 5):
 PSYoungGen      total 7168K, used 464K [0x00000000eab00000, 0x00000000eb700000, 0x0000000100000000)
  eden space 6656K, 0% used [0x00000000eab00000,0x00000000eab00000,0x00000000eb180000)
  from space 512K, 90% used [0x00000000eb680000,0x00000000eb6f4010,0x00000000eb700000)
  to   space 512K, 0% used [0x00000000eb600000,0x00000000eb600000,0x00000000eb680000)
 ParOldGen       total 253952K, used 240611K [0x00000000c0000000, 0x00000000cf800000, 0x00000000eab00000)
  object space 253952K, 94% used [0x00000000c0000000,0x00000000ceaf8cb0,0x00000000cf800000)
 Metaspace       used 84748K, committed 86400K, reserved 1179648K
  class space    used 8662K, committed 9408K, reserved 1048576K
}
Event: 162.180 GC heap before
{Heap before GC invocations=2264 (full 5):
 PSYoungGen      total 7168K, used 7120K [0x00000000eab00000, 0x00000000eb700000, 0x0000000100000000)
  eden space 6656K, 100% used [0x00000000eab00000,0x00000000eb180000,0x00000000eb180000)
  from space 512K, 90% used [0x00000000eb680000,0x00000000eb6f4010,0x00000000eb700000)
  to   space 512K, 0% used [0x00000000eb600000,0x00000000eb600000,0x00000000eb680000)
 ParOldGen       total 253952K, used 240611K [0x00000000c0000000, 0x00000000cf800000, 0x00000000eab00000)
  object space 253952K, 94% used [0x00000000c0000000,0x00000000ceaf8cb0,0x00000000cf800000)
 Metaspace       used 84750K, committed 86400K, reserved 1179648K
  class space    used 8662K, committed 9408K, reserved 1048576K
}
Event: 162.181 GC heap after
{Heap after GC invocations=2264 (full 5):
 PSYoungGen      total 7168K, used 506K [0x00000000eab00000, 0x00000000eb700000, 0x0000000100000000)
  eden space 6656K, 0% used [0x00000000eab00000,0x00000000eab00000,0x00000000eb180000)
  from space 512K, 98% used [0x00000000eb600000,0x00000000eb67e900,0x00000000eb680000)
  to   space 512K, 0% used [0x00000000eb680000,0x00000000eb680000,0x00000000eb700000)
 ParOldGen       total 253952K, used 240619K [0x00000000c0000000, 0x00000000cf800000, 0x00000000eab00000)
  object space 253952K, 94% used [0x00000000c0000000,0x00000000ceafacb0,0x00000000cf800000)
 Metaspace       used 84750K, committed 86400K, reserved 1179648K
  class space    used 8662K, committed 9408K, reserved 1048576K
}
Event: 162.186 GC heap before
{Heap before GC invocations=2265 (full 5):
 PSYoungGen      total 7168K, used 7162K [0x00000000eab00000, 0x00000000eb700000, 0x0000000100000000)
  eden space 6656K, 100% used [0x00000000eab00000,0x00000000eb180000,0x00000000eb180000)
  from space 512K, 98% used [0x00000000eb600000,0x00000000eb67e900,0x00000000eb680000)
  to   space 512K, 0% used [0x00000000eb680000,0x00000000eb680000,0x00000000eb700000)
 ParOldGen       total 253952K, used 240619K [0x00000000c0000000, 0x00000000cf800000, 0x00000000eab00000)
  object space 253952K, 94% used [0x00000000c0000000,0x00000000ceafacb0,0x00000000cf800000)
 Metaspace       used 84750K, committed 86400K, reserved 1179648K
  class space    used 8662K, committed 9408K, reserved 1048576K
}
Event: 162.187 GC heap after
{Heap after GC invocations=2265 (full 5):
 PSYoungGen      total 7168K, used 372K [0x00000000eab00000, 0x00000000eb700000, 0x0000000100000000)
  eden space 6656K, 0% used [0x00000000eab00000,0x00000000eab00000,0x00000000eb180000)
  from space 512K, 72% used [0x00000000eb680000,0x00000000eb6dd200,0x00000000eb700000)
  to   space 512K, 0% used [0x00000000eb600000,0x00000000eb600000,0x00000000eb680000)
 ParOldGen       total 253952K, used 240887K [0x00000000c0000000, 0x00000000cf800000, 0x00000000eab00000)
  object space 253952K, 94% used [0x00000000c0000000,0x00000000ceb3dec0,0x00000000cf800000)
 Metaspace       used 84750K, committed 86400K, reserved 1179648K
  class space    used 8662K, committed 9408K, reserved 1048576K
}
Event: 162.192 GC heap before
{Heap before GC invocations=2266 (full 5):
 PSYoungGen      total 7168K, used 7028K [0x00000000eab00000, 0x00000000eb700000, 0x0000000100000000)
  eden space 6656K, 100% used [0x00000000eab00000,0x00000000eb180000,0x00000000eb180000)
  from space 512K, 72% used [0x00000000eb680000,0x00000000eb6dd200,0x00000000eb700000)
  to   space 512K, 0% used [0x00000000eb600000,0x00000000eb600000,0x00000000eb680000)
 ParOldGen       total 253952K, used 240887K [0x00000000c0000000, 0x00000000cf800000, 0x00000000eab00000)
  object space 253952K, 94% used [0x00000000c0000000,0x00000000ceb3dec0,0x00000000cf800000)
 Metaspace       used 84750K, committed 86400K, reserved 1179648K
  class space    used 8662K, committed 9408K, reserved 1048576K
}
Event: 162.193 GC heap after
{Heap after GC invocations=2266 (full 5):
 PSYoungGen      total 7168K, used 458K [0x00000000eab00000, 0x00000000eb700000, 0x0000000100000000)
  eden space 6656K, 0% used [0x00000000eab00000,0x00000000eab00000,0x00000000eb180000)
  from space 512K, 89% used [0x00000000eb600000,0x00000000eb672910,0x00000000eb680000)
  to   space 512K, 0% used [0x00000000eb680000,0x00000000eb680000,0x00000000eb700000)
 ParOldGen       total 253952K, used 241063K [0x00000000c0000000, 0x00000000cf800000, 0x00000000eab00000)
  object space 253952K, 94% used [0x00000000c0000000,0x00000000ceb69ec0,0x00000000cf800000)
 Metaspace       used 84750K, committed 86400K, reserved 1179648K
  class space    used 8662K, committed 9408K, reserved 1048576K
}
Event: 162.199 GC heap before
{Heap before GC invocations=2267 (full 5):
 PSYoungGen      total 7168K, used 7114K [0x00000000eab00000, 0x00000000eb700000, 0x0000000100000000)
  eden space 6656K, 100% used [0x00000000eab00000,0x00000000eb180000,0x00000000eb180000)
  from space 512K, 89% used [0x00000000eb600000,0x00000000eb672910,0x00000000eb680000)
  to   space 512K, 0% used [0x00000000eb680000,0x00000000eb680000,0x00000000eb700000)
 ParOldGen       total 253952K, used 241063K [0x00000000c0000000, 0x00000000cf800000, 0x00000000eab00000)
  object space 253952K, 94% used [0x00000000c0000000,0x00000000ceb69ec0,0x00000000cf800000)
 Metaspace       used 84750K, committed 86400K, reserved 1179648K
  class space    used 8662K, committed 9408K, reserved 1048576K
}
Event: 162.200 GC heap after
{Heap after GC invocations=2267 (full 5):
 PSYoungGen      total 7168K, used 506K [0x00000000eab00000, 0x00000000eb700000, 0x0000000100000000)
  eden space 6656K, 0% used [0x00000000eab00000,0x00000000eab00000,0x00000000eb180000)
  from space 512K, 98% used [0x00000000eb680000,0x00000000eb6fe900,0x00000000eb700000)
  to   space 1024K, 0% used [0x00000000eb500000,0x00000000eb500000,0x00000000eb600000)
 ParOldGen       total 253952K, used 241063K [0x00000000c0000000, 0x00000000cf800000, 0x00000000eab00000)
  object space 253952K, 94% used [0x00000000c0000000,0x00000000ceb69ec0,0x00000000cf800000)
 Metaspace       used 84750K, committed 86400K, reserved 1179648K
  class space    used 8662K, committed 9408K, reserved 1048576K
}

