# JRE version: OpenJDK Runtime Environment Temurin-21.0.6+7 (21.0.6+7) (build 21.0.6+7-LTS)
# Java VM: OpenJDK 64-Bit Server VM Temurin-21.0.6+7 (21.0.6+7-LTS, mixed mode, sharing, tiered, compressed oops, compressed class ptrs, parallel gc, windows-amd64)
GC Precious Log:
 CardTable entry size: 512
 CPUs: 12 total, 12 available
 Memory: 7562M
 Large Page Support: Disabled
 NUMA Support: Disabled
 Compressed Oops: Enabled (32-bit)
 Alignments: Space 512K, Generation 512K, Heap 2M
 Heap Min Capacity: 100M
 Heap Initial Capacity: 100M
 Heap Max Capacity: 1G
 Pre-touch: Disabled
 Parallel Workers: 10
Heap:
 PSYoungGen      total 2560K, used 2545K [0x00000000eab00000, 0x00000000eb300000, 0x0000000100000000)
  eden space 1536K, 100% used [0x00000000eab00000,0x00000000eac80000,0x00000000eac80000)
  from space 1024K, 98% used [0x00000000eaf00000,0x00000000eaffc740,0x00000000eb000000)
  to   space 2560K, 0% used [0x00000000eac80000,0x00000000eac80000,0x00000000eaf00000)
 ParOldGen       total 698880K, used 698625K [0x00000000c0000000, 0x00000000eaa80000, 0x00000000eab00000)
  object space 698880K, 99% used [0x00000000c0000000,0x00000000eaa405b8,0x00000000eaa80000)
 Metaspace       used 102135K, committed 103808K, reserved 1179648K
  class space    used 10050K, committed 10816K, reserved 1048576K
GC Heap History (20 events):
Event: 5557.102 GC heap after
{Heap after GC invocations=8526 (full 11):
 PSYoungGen      total 4096K, used 394K [0x00000000eab00000, 0x00000000eaf80000, 0x0000000100000000)
  eden space 3072K, 0% used [0x00000000eab00000,0x00000000eab00000,0x00000000eae00000)
  from space 1024K, 38% used [0x00000000eae00000,0x00000000eae62910,0x00000000eaf00000)
  to   space 512K, 0% used [0x00000000eaf00000,0x00000000eaf00000,0x00000000eaf80000)
 ParOldGen       total 696320K, used 695943K [0x00000000c0000000, 0x00000000ea800000, 0x00000000eab00000)
  object space 696320K, 99% used [0x00000000c0000000,0x00000000ea7a1ce8,0x00000000ea800000)
 Metaspace       used 102135K, committed 103808K, reserved 1179648K
  class space    used 10050K, committed 10816K, reserved 1048576K
}
Event: 5558.342 GC heap before
{Heap before GC invocations=8527 (full 11):
 PSYoungGen      total 4096K, used 3466K [0x00000000eab00000, 0x00000000eaf80000, 0x0000000100000000)
  eden space 3072K, 99% used [0x00000000eab00000,0x00000000eadffff0,0x00000000eae00000)
  from space 1024K, 38% used [0x00000000eae00000,0x00000000eae62910,0x00000000eaf00000)
  to   space 512K, 0% used [0x00000000eaf00000,0x00000000eaf00000,0x00000000eaf80000)
 ParOldGen       total 696320K, used 695943K [0x00000000c0000000, 0x00000000ea800000, 0x00000000eab00000)
  object space 696320K, 99% used [0x00000000c0000000,0x00000000ea7a1ce8,0x00000000ea800000)
 Metaspace       used 102135K, committed 103808K, reserved 1179648K
  class space    used 10050K, committed 10816K, reserved 1048576K
}
Event: 5558.343 GC heap after
{Heap after GC invocations=8527 (full 11):
 PSYoungGen      total 3584K, used 320K [0x00000000eab00000, 0x00000000eaf80000, 0x0000000100000000)
  eden space 3072K, 0% used [0x00000000eab00000,0x00000000eab00000,0x00000000eae00000)
  from space 512K, 62% used [0x00000000eaf00000,0x00000000eaf50000,0x00000000eaf80000)
  to   space 512K, 0% used [0x00000000eae80000,0x00000000eae80000,0x00000000eaf00000)
 ParOldGen       total 696320K, used 695951K [0x00000000c0000000, 0x00000000ea800000, 0x00000000eab00000)
  object space 696320K, 99% used [0x00000000c0000000,0x00000000ea7a3ce8,0x00000000ea800000)
 Metaspace       used 102135K, committed 103808K, reserved 1179648K
  class space    used 10050K, committed 10816K, reserved 1048576K
}
Event: 5558.405 GC heap before
{Heap before GC invocations=8528 (full 11):
 PSYoungGen      total 3584K, used 3392K [0x00000000eab00000, 0x00000000eaf80000, 0x0000000100000000)
  eden space 3072K, 100% used [0x00000000eab00000,0x00000000eae00000,0x00000000eae00000)
  from space 512K, 62% used [0x00000000eaf00000,0x00000000eaf50000,0x00000000eaf80000)
  to   space 512K, 0% used [0x00000000eae80000,0x00000000eae80000,0x00000000eaf00000)
 ParOldGen       total 696320K, used 695951K [0x00000000c0000000, 0x00000000ea800000, 0x00000000eab00000)
  object space 696320K, 99% used [0x00000000c0000000,0x00000000ea7a3ce8,0x00000000ea800000)
 Metaspace       used 102135K, committed 103808K, reserved 1179648K
  class space    used 10050K, committed 10816K, reserved 1048576K
}
Event: 5558.406 GC heap after
{Heap after GC invocations=8528 (full 11):
 PSYoungGen      total 3584K, used 484K [0x00000000eab00000, 0x00000000eb000000, 0x0000000100000000)
  eden space 3072K, 0% used [0x00000000eab00000,0x00000000eab00000,0x00000000eae00000)
  from space 512K, 94% used [0x00000000eae80000,0x00000000eaef9210,0x00000000eaf00000)
  to   space 1024K, 0% used [0x00000000eaf00000,0x00000000eaf00000,0x00000000eb000000)
 ParOldGen       total 696320K, used 696031K [0x00000000c0000000, 0x00000000ea800000, 0x00000000eab00000)
  object space 696320K, 99% used [0x00000000c0000000,0x00000000ea7b7ce8,0x00000000ea800000)
 Metaspace       used 102135K, committed 103808K, reserved 1179648K
  class space    used 10050K, committed 10816K, reserved 1048576K
}
Event: 5558.813 GC heap before
{Heap before GC invocations=8529 (full 11):
 PSYoungGen      total 3584K, used 3556K [0x00000000eab00000, 0x00000000eb000000, 0x0000000100000000)
  eden space 3072K, 100% used [0x00000000eab00000,0x00000000eae00000,0x00000000eae00000)
  from space 512K, 94% used [0x00000000eae80000,0x00000000eaef9210,0x00000000eaf00000)
  to   space 1024K, 0% used [0x00000000eaf00000,0x00000000eaf00000,0x00000000eb000000)
 ParOldGen       total 696320K, used 696031K [0x00000000c0000000, 0x00000000ea800000, 0x00000000eab00000)
  object space 696320K, 99% used [0x00000000c0000000,0x00000000ea7b7ce8,0x00000000ea800000)
 Metaspace       used 102135K, committed 103808K, reserved 1179648K
  class space    used 10050K, committed 10816K, reserved 1048576K
}
Event: 5558.814 GC heap after
{Heap after GC invocations=8529 (full 11):
 PSYoungGen      total 4096K, used 570K [0x00000000eab00000, 0x00000000eb000000, 0x0000000100000000)
  eden space 3072K, 0% used [0x00000000eab00000,0x00000000eab00000,0x00000000eae00000)
  from space 1024K, 55% used [0x00000000eaf00000,0x00000000eaf8e900,0x00000000eb000000)
  to   space 1024K, 0% used [0x00000000eae00000,0x00000000eae00000,0x00000000eaf00000)
 ParOldGen       total 696832K, used 696515K [0x00000000c0000000, 0x00000000ea880000, 0x00000000eab00000)
  object space 696832K, 99% used [0x00000000c0000000,0x00000000ea830ef8,0x00000000ea880000)
 Metaspace       used 102135K, committed 103808K, reserved 1179648K
  class space    used 10050K, committed 10816K, reserved 1048576K
}
Event: 5558.818 GC heap before
{Heap before GC invocations=8530 (full 11):
 PSYoungGen      total 4096K, used 3642K [0x00000000eab00000, 0x00000000eb000000, 0x0000000100000000)
  eden space 3072K, 100% used [0x00000000eab00000,0x00000000eae00000,0x00000000eae00000)
  from space 1024K, 55% used [0x00000000eaf00000,0x00000000eaf8e900,0x00000000eb000000)
  to   space 1024K, 0% used [0x00000000eae00000,0x00000000eae00000,0x00000000eaf00000)
 ParOldGen       total 696832K, used 696515K [0x00000000c0000000, 0x00000000ea880000, 0x00000000eab00000)
  object space 696832K, 99% used [0x00000000c0000000,0x00000000ea830ef8,0x00000000ea880000)
 Metaspace       used 102135K, committed 103808K, reserved 1179648K
  class space    used 10050K, committed 10816K, reserved 1048576K
}
Event: 5558.819 GC heap after
{Heap after GC invocations=8530 (full 11):
 PSYoungGen      total 4096K, used 554K [0x00000000eab00000, 0x00000000eb000000, 0x0000000100000000)
  eden space 3072K, 0% used [0x00000000eab00000,0x00000000eab00000,0x00000000eae00000)
  from space 1024K, 54% used [0x00000000eae00000,0x00000000eae8a910,0x00000000eaf00000)
  to   space 1024K, 0% used [0x00000000eaf00000,0x00000000eaf00000,0x00000000eb000000)
 ParOldGen       total 696832K, used 696651K [0x00000000c0000000, 0x00000000ea880000, 0x00000000eab00000)
  object space 696832K, 99% used [0x00000000c0000000,0x00000000ea852ef8,0x00000000ea880000)
 Metaspace       used 102135K, committed 103808K, reserved 1179648K
  class space    used 10050K, committed 10816K, reserved 1048576K
}
Event: 5559.091 GC heap before
{Heap before GC invocations=8531 (full 11):
 PSYoungGen      total 4096K, used 3626K [0x00000000eab00000, 0x00000000eb000000, 0x0000000100000000)
  eden space 3072K, 100% used [0x00000000eab00000,0x00000000eae00000,0x00000000eae00000)
  from space 1024K, 54% used [0x00000000eae00000,0x00000000eae8a910,0x00000000eaf00000)
  to   space 1024K, 0% used [0x00000000eaf00000,0x00000000eaf00000,0x00000000eb000000)
 ParOldGen       total 696832K, used 696651K [0x00000000c0000000, 0x00000000ea880000, 0x00000000eab00000)
  object space 696832K, 99% used [0x00000000c0000000,0x00000000ea852ef8,0x00000000ea880000)
 Metaspace       used 102135K, committed 103808K, reserved 1179648K
  class space    used 10050K, committed 10816K, reserved 1048576K
}
Event: 5559.092 GC heap after
{Heap after GC invocations=8531 (full 11):
 PSYoungGen      total 3584K, used 416K [0x00000000eab00000, 0x00000000eaf80000, 0x0000000100000000)
  eden space 3072K, 0% used [0x00000000eab00000,0x00000000eab00000,0x00000000eae00000)
  from space 512K, 81% used [0x00000000eaf00000,0x00000000eaf68020,0x00000000eaf80000)
  to   space 512K, 0% used [0x00000000eae80000,0x00000000eae80000,0x00000000eaf00000)
 ParOldGen       total 696832K, used 696691K [0x00000000c0000000, 0x00000000ea880000, 0x00000000eab00000)
  object space 696832K, 99% used [0x00000000c0000000,0x00000000ea85cef8,0x00000000ea880000)
 Metaspace       used 102135K, committed 103808K, reserved 1179648K
  class space    used 10050K, committed 10816K, reserved 1048576K
}
Event: 5559.187 GC heap before
{Heap before GC invocations=8532 (full 11):
 PSYoungGen      total 3584K, used 3488K [0x00000000eab00000, 0x00000000eaf80000, 0x0000000100000000)
  eden space 3072K, 100% used [0x00000000eab00000,0x00000000eae00000,0x00000000eae00000)
  from space 512K, 81% used [0x00000000eaf00000,0x00000000eaf68020,0x00000000eaf80000)
  to   space 512K, 0% used [0x00000000eae80000,0x00000000eae80000,0x00000000eaf00000)
 ParOldGen       total 696832K, used 696691K [0x00000000c0000000, 0x00000000ea880000, 0x00000000eab00000)
  object space 696832K, 99% used [0x00000000c0000000,0x00000000ea85cef8,0x00000000ea880000)
 Metaspace       used 102135K, committed 103808K, reserved 1179648K
  class space    used 10050K, committed 10816K, reserved 1048576K
}
Event: 5559.188 GC heap after
{Heap after GC invocations=8532 (full 11):
 PSYoungGen      total 3584K, used 320K [0x00000000eab00000, 0x00000000eaf80000, 0x0000000100000000)
  eden space 3072K, 0% used [0x00000000eab00000,0x00000000eab00000,0x00000000eae00000)
  from space 512K, 62% used [0x00000000eae80000,0x00000000eaed0000,0x00000000eaf00000)
  to   space 512K, 0% used [0x00000000eaf00000,0x00000000eaf00000,0x00000000eaf80000)
 ParOldGen       total 696832K, used 696827K [0x00000000c0000000, 0x00000000ea880000, 0x00000000eab00000)
  object space 696832K, 99% used [0x00000000c0000000,0x00000000ea87ef18,0x00000000ea880000)
 Metaspace       used 102135K, committed 103808K, reserved 1179648K
  class space    used 10050K, committed 10816K, reserved 1048576K
}
Event: 5559.191 GC heap before
{Heap before GC invocations=8533 (full 11):
 PSYoungGen      total 3584K, used 3392K [0x00000000eab00000, 0x00000000eaf80000, 0x0000000100000000)
  eden space 3072K, 100% used [0x00000000eab00000,0x00000000eae00000,0x00000000eae00000)
  from space 512K, 62% used [0x00000000eae80000,0x00000000eaed0000,0x00000000eaf00000)
  to   space 512K, 0% used [0x00000000eaf00000,0x00000000eaf00000,0x00000000eaf80000)
 ParOldGen       total 696832K, used 696827K [0x00000000c0000000, 0x00000000ea880000, 0x00000000eab00000)
  object space 696832K, 99% used [0x00000000c0000000,0x00000000ea87ef18,0x00000000ea880000)
 Metaspace       used 102135K, committed 103808K, reserved 1179648K
  class space    used 10050K, committed 10816K, reserved 1048576K
}
Event: 5559.192 GC heap after
{Heap after GC invocations=8533 (full 11):
 PSYoungGen      total 3584K, used 506K [0x00000000eab00000, 0x00000000eb000000, 0x0000000100000000)
  eden space 3072K, 0% used [0x00000000eab00000,0x00000000eab00000,0x00000000eae00000)
  from space 512K, 98% used [0x00000000eaf00000,0x00000000eaf7e900,0x00000000eaf80000)
  to   space 1024K, 0% used [0x00000000eae00000,0x00000000eae00000,0x00000000eaf00000)
 ParOldGen       total 697344K, used 696952K [0x00000000c0000000, 0x00000000ea900000, 0x00000000eab00000)
  object space 697344K, 99% used [0x00000000c0000000,0x00000000ea89e198,0x00000000ea900000)
 Metaspace       used 102135K, committed 103808K, reserved 1179648K
  class space    used 10050K, committed 10816K, reserved 1048576K
}
Event: 5559.279 GC heap before
{Heap before GC invocations=8534 (full 11):
 PSYoungGen      total 3584K, used 3578K [0x00000000eab00000, 0x00000000eb000000, 0x0000000100000000)
  eden space 3072K, 99% used [0x00000000eab00000,0x00000000eadfffd8,0x00000000eae00000)
  from space 512K, 98% used [0x00000000eaf00000,0x00000000eaf7e900,0x00000000eaf80000)
  to   space 1024K, 0% used [0x00000000eae00000,0x00000000eae00000,0x00000000eaf00000)
 ParOldGen       total 697344K, used 696952K [0x00000000c0000000, 0x00000000ea900000, 0x00000000eab00000)
  object space 697344K, 99% used [0x00000000c0000000,0x00000000ea89e198,0x00000000ea900000)
 Metaspace       used 102135K, committed 103808K, reserved 1179648K
  class space    used 10050K, committed 10816K, reserved 1048576K
}
Event: 5559.280 GC heap after
{Heap after GC invocations=8534 (full 11):
 PSYoungGen      total 4096K, used 634K [0x00000000eab00000, 0x00000000eb000000, 0x0000000100000000)
  eden space 3072K, 0% used [0x00000000eab00000,0x00000000eab00000,0x00000000eae00000)
  from space 1024K, 61% used [0x00000000eae00000,0x00000000eae9e900,0x00000000eaf00000)
  to   space 1024K, 0% used [0x00000000eaf00000,0x00000000eaf00000,0x00000000eb000000)
 ParOldGen       total 697856K, used 697396K [0x00000000c0000000, 0x00000000ea980000, 0x00000000eab00000)
  object space 697856K, 99% used [0x00000000c0000000,0x00000000ea90d3a8,0x00000000ea980000)
 Metaspace       used 102135K, committed 103808K, reserved 1179648K
  class space    used 10050K, committed 10816K, reserved 1048576K
}
Event: 5559.283 GC heap before
{Heap before GC invocations=8535 (full 11):
 PSYoungGen      total 4096K, used 3706K [0x00000000eab00000, 0x00000000eb000000, 0x0000000100000000)
  eden space 3072K, 100% used [0x00000000eab00000,0x00000000eae00000,0x00000000eae00000)
  from space 1024K, 61% used [0x00000000eae00000,0x00000000eae9e900,0x00000000eaf00000)
  to   space 1024K, 0% used [0x00000000eaf00000,0x00000000eaf00000,0x00000000eb000000)
 ParOldGen       total 697856K, used 697396K [0x00000000c0000000, 0x00000000ea980000, 0x00000000eab00000)
  object space 697856K, 99% used [0x00000000c0000000,0x00000000ea90d3a8,0x00000000ea980000)
 Metaspace       used 102135K, committed 103808K, reserved 1179648K
  class space    used 10050K, committed 10816K, reserved 1048576K
}
Event: 5559.284 GC heap after
{Heap after GC invocations=8535 (full 11):
 PSYoungGen      total 2560K, used 1009K [0x00000000eab00000, 0x00000000eb300000, 0x0000000100000000)
  eden space 1536K, 0% used [0x00000000eab00000,0x00000000eab00000,0x00000000eac80000)
  from space 1024K, 98% used [0x00000000eaf00000,0x00000000eaffc740,0x00000000eb000000)
  to   space 2560K, 0% used [0x00000000eac80000,0x00000000eac80000,0x00000000eaf00000)
 ParOldGen       total 698880K, used 698625K [0x00000000c0000000, 0x00000000eaa80000, 0x00000000eab00000)
  object space 698880K, 99% used [0x00000000c0000000,0x00000000eaa405b8,0x00000000eaa80000)
 Metaspace       used 102135K, committed 103808K, reserved 1179648K
  class space    used 10050K, committed 10816K, reserved 1048576K
}
Event: 5559.286 GC heap before
{Heap before GC invocations=8536 (full 12):
 PSYoungGen      total 2560K, used 2545K [0x00000000eab00000, 0x00000000eb300000, 0x0000000100000000)
  eden space 1536K, 100% used [0x00000000eab00000,0x00000000eac80000,0x00000000eac80000)
  from space 1024K, 98% used [0x00000000eaf00000,0x00000000eaffc740,0x00000000eb000000)
  to   space 2560K, 0% used [0x00000000eac80000,0x00000000eac80000,0x00000000eaf00000)
 ParOldGen       total 698880K, used 698625K [0x00000000c0000000, 0x00000000eaa80000, 0x00000000eab00000)
  object space 698880K, 99% used [0x00000000c0000000,0x00000000eaa405b8,0x00000000eaa80000)
 Metaspace       used 102135K, committed 103808K, reserved 1179648K
  class space    used 10050K, committed 10816K, reserved 1048576K
}

