<?xml version="1.0" encoding="UTF-8"?><testsuites failures="0" name="dependency-check" tests="3"><testsuite failures="0" errors="0" time="0" id="0" name="C:\SPRING BOOT (VS CODE)\VulneraScan\uploaded_code_files\1DeeEfPD_test3.js" package="1DeeEfPD_test3.js" skipped="0" tests="1" timestamp="2025-09-25T19:00:51.1484428"><testcase classname="dependency-check" name="1DeeEfPD_test3.js"/></testsuite><testsuite failures="0" errors="0" time="0" id="1" name="C:\SPRING BOOT (VS CODE)\VulneraScan\uploaded_code_files\76BFKLoS_next.config.js" package="76BFKLoS_next.config.js" skipped="0" tests="1" timestamp="2025-09-25T19:00:51.1484428"><testcase classname="dependency-check" name="76BFKLoS_next.config.js"/></testsuite><testsuite failures="0" errors="0" time="0" id="2" name="C:\SPRING BOOT (VS CODE)\VulneraScan\uploaded_code_files\qtZlp0Jz_hardhat.config.js" package="qtZlp0Jz_hardhat.config.js" skipped="0" tests="1" timestamp="2025-09-25T19:00:51.1484428"><testcase classname="dependency-check" name="qtZlp0Jz_hardhat.config.js"/></testsuite></testsuites>